2013/07/08 06:24:16 [error] [php] require(C:\wamp\www\speedmichelin\protected\components/../../vendor/php-sdk/facebook.php) [<a href='function.require'>function.require</a>]: failed to open stream: No such file or directory (C:\wamp\www\speedmichelin\protected\components\Authentication.php:3)
Stack trace:
#0 unknown(0): autoload()
#1 C:\wamp\www\speedmichelin\protected\controllers\SiteController.php(32): spl_autoload_call()
#2 C:\wamp\www\yii\framework\web\actions\CInlineAction.php(50): SiteController->actionMain()
#3 C:\wamp\www\yii\framework\web\CController.php(309): CInlineAction->runWithParams()
#4 C:\wamp\www\yii\framework\web\CController.php(287): SiteController->runAction()
#5 C:\wamp\www\yii\framework\web\CController.php(266): SiteController->runActionWithFilters()
#6 C:\wamp\www\yii\framework\web\CWebApplication.php(283): SiteController->run()
#7 C:\wamp\www\yii\framework\web\CWebApplication.php(142): CWebApplication->runController()
#8 C:\wamp\www\yii\framework\base\CApplication.php(162): CWebApplication->processRequest()
#9 C:\wamp\www\speedmichelin\index.php(13): CWebApplication->run()
REQUEST_URI=/speedmichelin/index.php/site/main
in C:\wamp\www\speedmichelin\protected\components\Authentication.php (3)
in C:\wamp\www\speedmichelin\protected\components\Authentication.php (3)
in C:\wamp\www\speedmichelin\protected\controllers\SiteController.php (32)
2013/07/08 06:25:06 [error] [exception.CException] exception 'CException' with message 'SiteController cannot find the requested view "redirect".' in C:\wamp\www\yii\framework\web\CController.php:879
Stack trace:
#0 C:\wamp\www\speedmichelin\protected\controllers\SiteController.php(43): CController->renderPartial('redirect', Array)
#1 C:\wamp\www\yii\framework\web\actions\CInlineAction.php(50): SiteController->actionMain()
#2 C:\wamp\www\yii\framework\web\CController.php(309): CInlineAction->runWithParams(Array)
#3 C:\wamp\www\yii\framework\web\CController.php(287): CController->runAction(Object(CInlineAction))
#4 C:\wamp\www\yii\framework\web\CController.php(266): CController->runActionWithFilters(Object(CInlineAction), Array)
#5 C:\wamp\www\yii\framework\web\CWebApplication.php(283): CController->run('main')
#6 C:\wamp\www\yii\framework\web\CWebApplication.php(142): CWebApplication->runController('site/main')
#7 C:\wamp\www\yii\framework\base\CApplication.php(162): CWebApplication->processRequest()
#8 C:\wamp\www\speedmichelin\index.php(13): CApplication->run()
#9 {main}
REQUEST_URI=/speedmichelin/index.php/site/main
---
2013/07/08 08:23:29 [error] [php] PDO::__construct() [<a href='pdo.--construct'>pdo.--construct</a>]: [2002] A connection attempt failed because the connected party did not  (trying to connect via tcp://lmwservice.cxbg6xquhsgw.ap-southeast-1.rds.amazonaws.com:3306) (C:\wamp\www\yii\framework\db\CDbConnection.php:422)
Stack trace:
#0 C:\wamp\www\yii\framework\db\CDbConnection.php(331): CDbConnection->open()
#1 C:\wamp\www\yii\framework\db\CDbConnection.php(309): CDbConnection->setActive()
#2 C:\wamp\www\yii\framework\base\CModule.php(388): CDbConnection->init()
#3 C:\wamp\www\yii\framework\base\CModule.php(104): CWebApplication->getComponent()
#4 C:\wamp\www\yii\framework\gii\generators\model\ModelCode.php(57): CWebApplication->__get()
#5 C:\wamp\www\yii\framework\web\CFormModel.php(40): ModelCode->init()
#6 C:\wamp\www\yii\framework\gii\CCodeGenerator.php(154): ModelCode->__construct()
#7 C:\wamp\www\yii\framework\gii\CCodeGenerator.php(64): ModelGenerator->prepare()
#8 C:\wamp\www\yii\framework\web\actions\CInlineAction.php(50): ModelGenerator->actionIndex()
#9 C:\wamp\www\yii\framework\web\CController.php(309): CInlineAction->runWithParams()
#10 C:\wamp\www\yii\framework\web\CController.php(287): ModelGenerator->runAction()
#11 C:\wamp\www\yii\framework\web\CController.php(266): ModelGenerator->runActionWithFilters()
#12 C:\wamp\www\yii\framework\web\CWebApplication.php(283): ModelGenerator->run()
#13 C:\wamp\www\yii\framework\web\CWebApplication.php(142): CWebApplication->runController()
#14 C:\wamp\www\yii\framework\base\CApplication.php(162): CWebApplication->processRequest()
#15 C:\wamp\www\speedmichelin\index.php(13): CWebApplication->run()
REQUEST_URI=/speedmichelin/index.php/gii/model
in C:\wamp\www\speedmichelin\index.php (13)
2013/07/08 08:24:01 [error] [php] PDO::__construct() [<a href='pdo.--construct'>pdo.--construct</a>]: [2002] A connection attempt failed because the connected party did not  (trying to connect via tcp://lmwservice.cxbg6xquhsgw.ap-southeast-1.rds.amazonaws.com:3306) (C:\wamp\www\yii\framework\db\CDbConnection.php:422)
Stack trace:
#0 C:\wamp\www\yii\framework\db\CDbConnection.php(331): CDbConnection->open()
#1 C:\wamp\www\yii\framework\db\CDbConnection.php(309): CDbConnection->setActive()
#2 C:\wamp\www\yii\framework\base\CModule.php(388): CDbConnection->init()
#3 C:\wamp\www\yii\framework\base\CModule.php(104): CWebApplication->getComponent()
#4 C:\wamp\www\yii\framework\gii\generators\model\ModelCode.php(57): CWebApplication->__get()
#5 C:\wamp\www\yii\framework\web\CFormModel.php(40): ModelCode->init()
#6 C:\wamp\www\yii\framework\gii\CCodeGenerator.php(154): ModelCode->__construct()
#7 C:\wamp\www\yii\framework\gii\CCodeGenerator.php(64): ModelGenerator->prepare()
#8 C:\wamp\www\yii\framework\web\actions\CInlineAction.php(50): ModelGenerator->actionIndex()
#9 C:\wamp\www\yii\framework\web\CController.php(309): CInlineAction->runWithParams()
#10 C:\wamp\www\yii\framework\web\CController.php(287): ModelGenerator->runAction()
#11 C:\wamp\www\yii\framework\web\CController.php(266): ModelGenerator->runActionWithFilters()
#12 C:\wamp\www\yii\framework\web\CWebApplication.php(283): ModelGenerator->run()
#13 C:\wamp\www\yii\framework\web\CWebApplication.php(142): CWebApplication->runController()
#14 C:\wamp\www\yii\framework\base\CApplication.php(162): CWebApplication->processRequest()
#15 C:\wamp\www\speedmichelin\index.php(13): CWebApplication->run()
REQUEST_URI=/speedmichelin/index.php/gii/model
in C:\wamp\www\speedmichelin\index.php (13)
